<?xml version="1.0" encoding="UTF-8"?>
<testng-results ignored="0" total="1" passed="1" failed="0" skipped="0">
  <reporter-output>
  </reporter-output>
  <suite started-at="2018-08-21T08:15:18Z" name="TestHomePage" finished-at="2018-08-21T08:15:30Z" duration-ms="11738">
    <groups>
    </groups>
    <test started-at="2018-08-21T08:15:18Z" name="Command line test" finished-at="2018-08-21T08:15:30Z" duration-ms="11738">
      <class name="TestHomePage">
        <test-method signature="goToBeatsPage()[pri:0, instance:TestHomePage@4690b489]" started-at="2018-08-21T08:15:18Z" name="goToBeatsPage" finished-at="2018-08-21T08:15:30Z" duration-ms="11708" status="PASS">
          <reporter-output>
          </reporter-output>
        </test-method> <!-- goToBeatsPage -->
      </class> <!-- TestHomePage -->
    </test> <!-- Command line test -->
  </suite> <!-- TestHomePage -->
</testng-results>
