<?xml version="1.0" encoding="UTF-8"?>
<testng-results ignored="0" total="1" passed="1" failed="0" skipped="0">
  <reporter-output>
  </reporter-output>
  <suite started-at="2018-08-20T15:34:29Z" name="TestHomePage" finished-at="2018-08-20T15:34:36Z" duration-ms="6254">
    <groups>
    </groups>
    <test started-at="2018-08-20T15:34:29Z" name="Command line test" finished-at="2018-08-20T15:34:36Z" duration-ms="6254">
      <class name="TestHomePage">
        <test-method signature="goToBeatsPage()[pri:0, instance:TestHomePage@4386f16]" started-at="2018-08-20T15:34:29Z" name="goToBeatsPage" finished-at="2018-08-20T15:34:36Z" duration-ms="6234" status="PASS">
          <reporter-output>
          </reporter-output>
        </test-method> <!-- goToBeatsPage -->
      </class> <!-- TestHomePage -->
    </test> <!-- Command line test -->
  </suite> <!-- TestHomePage -->
</testng-results>
